<?xml version="1.0" encoding="UTF-8"?>
<testsuite name="com.purplewave.auction.data.AuctionRepositoryTest" tests="7" skipped="0" failures="0" errors="0" timestamp="2026-05-20T01:14:01" hostname="Irinas-MacBook-Air.local" time="1.119">
  <properties/>
  <testcase name="uploadItem marks UPLOADING then SYNCED on success" classname="com.purplewave.auction.data.AuctionRepositoryTest" time="0.963"/>
  <testcase name="getPendingItems delegates to dao getPendingOrFailed" classname="com.purplewave.auction.data.AuctionRepositoryTest" time="0.135"/>
  <testcase name="uploadItem marks UPLOADING then FAILED on HTTP error" classname="com.purplewave.auction.data.AuctionRepositoryTest" time="0.006"/>
  <testcase name="uploadItem increments attempt count" classname="com.purplewave.auction.data.AuctionRepositoryTest" time="0.005"/>
  <testcase name="uploadItem returns true on success" classname="com.purplewave.auction.data.AuctionRepositoryTest" time="0.002"/>
  <testcase name="uploadItem returns false on failure" classname="com.purplewave.auction.data.AuctionRepositoryTest" time="0.002"/>
  <testcase name="uploadItem marks FAILED when exception thrown" classname="com.purplewave.auction.data.AuctionRepositoryTest" time="0.005"/>
  <system-out><![CDATA[]]></system-out>
  <system-err><![CDATA[WARNING: A Java agent has been loaded dynamically (/Users/irinamakhalova/.gradle/caches/modules-2/files-2.1/net.bytebuddy/byte-buddy-agent/1.14.6/46e2545d7a97b6ccb195621650c5957279eb4812/byte-buddy-agent-1.14.6.jar)
WARNING: If a serviceability tool is in use, please run with -XX:+EnableDynamicAgentLoading to hide this warning
WARNING: If a serviceability tool is not in use, please run with -Djdk.instrument.traceUsage for more information
WARNING: Dynamic loading of agents will be disallowed by default in a future release
]]></system-err>
</testsuite>
