<?xml version="1.0" encoding="UTF-8"?>
<testsuite name="com.purplewave.auction.data.FakeAuctionApiTest" tests="6" skipped="0" failures="0" errors="0" timestamp="2026-05-20T01:14:02" hostname="Irinas-MacBook-Air.local" time="0.008">
  <properties/>
  <testcase name="successful response contains serverId" classname="com.purplewave.auction.data.FakeAuctionApiTest" time="0.003"/>
  <testcase name="second attempt succeeds" classname="com.purplewave.auction.data.FakeAuctionApiTest" time="0.001"/>
  <testcase name="fourth attempt succeeds again" classname="com.purplewave.auction.data.FakeAuctionApiTest" time="0.001"/>
  <testcase name="first attempt succeeds" classname="com.purplewave.auction.data.FakeAuctionApiTest" time="0.001"/>
  <testcase name="sixth attempt fails" classname="com.purplewave.auction.data.FakeAuctionApiTest" time="0.001"/>
  <testcase name="third attempt fails" classname="com.purplewave.auction.data.FakeAuctionApiTest" time="0.001"/>
  <system-out><![CDATA[]]></system-out>
  <system-err><![CDATA[]]></system-err>
</testsuite>
